Sat, 01 Aug 2020 15:21:07 gpu_task_scheduler.py[line:53] INFO gpu0 receives task aux_disc-True,dataset-iot,epoch-400,epoch_checkpoint_freq-1,extra_checkpoint_freq-5,run-0,sample_len-1,self_norm-True,
Sat, 01 Aug 2020 15:22:47 gpu_task_scheduler.py[line:53] INFO gpu0 receives task aux_disc-False,dataset-iot,epoch-400,epoch_checkpoint_freq-1,extra_checkpoint_freq-5,run-0,sample_len-1,self_norm-True,
Sat, 01 Aug 2020 15:27:11 gpu_task_scheduler.py[line:93] INFO gpu0 finishes task aux_disc-False,dataset-iot,epoch-400,epoch_checkpoint_freq-1,extra_checkpoint_freq-5,run-0,sample_len-1,self_norm-True,
Sat, 01 Aug 2020 15:27:11 gpu_task_scheduler.py[line:53] INFO gpu0 receives task aux_disc-False,dataset-iot,epoch-400,epoch_checkpoint_freq-1,extra_checkpoint_freq-5,run-0,sample_len-5,self_norm-True,
Sat, 01 Aug 2020 15:27:23 gpu_task_scheduler.py[line:93] INFO gpu0 finishes task aux_disc-False,dataset-iot,epoch-400,epoch_checkpoint_freq-1,extra_checkpoint_freq-5,run-0,sample_len-5,self_norm-True,
Sat, 01 Aug 2020 15:27:23 gpu_task_scheduler.py[line:53] INFO gpu0 receives task aux_disc-False,dataset-iot,epoch-400,epoch_checkpoint_freq-1,extra_checkpoint_freq-5,run-0,sample_len-10,self_norm-True,
Sat, 01 Aug 2020 15:27:32 gpu_task_scheduler.py[line:93] INFO gpu0 finishes task aux_disc-False,dataset-iot,epoch-400,epoch_checkpoint_freq-1,extra_checkpoint_freq-5,run-0,sample_len-10,self_norm-True,
Sat, 01 Aug 2020 15:27:32 gpu_task_scheduler.py[line:53] INFO gpu0 receives task aux_disc-False,dataset-iot,epoch-400,epoch_checkpoint_freq-1,extra_checkpoint_freq-5,run-0,sample_len-25,self_norm-True,
Sat, 01 Aug 2020 15:27:39 gpu_task_scheduler.py[line:93] INFO gpu0 finishes task aux_disc-False,dataset-iot,epoch-400,epoch_checkpoint_freq-1,extra_checkpoint_freq-5,run-0,sample_len-25,self_norm-True,
Sat, 01 Aug 2020 15:27:39 gpu_task_scheduler.py[line:53] INFO gpu0 receives task aux_disc-False,dataset-iot,epoch-400,epoch_checkpoint_freq-1,extra_checkpoint_freq-5,run-0,sample_len-50,self_norm-True,
Sat, 01 Aug 2020 15:27:47 gpu_task_scheduler.py[line:93] INFO gpu0 finishes task aux_disc-False,dataset-iot,epoch-400,epoch_checkpoint_freq-1,extra_checkpoint_freq-5,run-0,sample_len-50,self_norm-True,
Sat, 01 Aug 2020 15:27:47 gpu_task_scheduler.py[line:53] INFO gpu0 receives task aux_disc-False,dataset-iot,epoch-400,epoch_checkpoint_freq-1,extra_checkpoint_freq-5,run-1,sample_len-1,self_norm-True,
Sat, 01 Aug 2020 15:31:00 gpu_task_scheduler.py[line:93] INFO gpu0 finishes task aux_disc-False,dataset-iot,epoch-400,epoch_checkpoint_freq-1,extra_checkpoint_freq-5,run-1,sample_len-1,self_norm-True,
Sat, 01 Aug 2020 15:31:00 gpu_task_scheduler.py[line:53] INFO gpu0 receives task aux_disc-False,dataset-iot,epoch-400,epoch_checkpoint_freq-1,extra_checkpoint_freq-5,run-1,sample_len-5,self_norm-True,
Sat, 01 Aug 2020 15:31:05 gpu_task_scheduler.py[line:93] INFO gpu0 finishes task aux_disc-False,dataset-iot,epoch-400,epoch_checkpoint_freq-1,extra_checkpoint_freq-5,run-1,sample_len-5,self_norm-True,
Sat, 01 Aug 2020 15:31:05 gpu_task_scheduler.py[line:53] INFO gpu0 receives task aux_disc-False,dataset-iot,epoch-400,epoch_checkpoint_freq-1,extra_checkpoint_freq-5,run-1,sample_len-10,self_norm-True,
Sat, 01 Aug 2020 15:31:09 gpu_task_scheduler.py[line:93] INFO gpu0 finishes task aux_disc-False,dataset-iot,epoch-400,epoch_checkpoint_freq-1,extra_checkpoint_freq-5,run-1,sample_len-10,self_norm-True,
Sat, 01 Aug 2020 15:31:09 gpu_task_scheduler.py[line:53] INFO gpu0 receives task aux_disc-False,dataset-iot,epoch-400,epoch_checkpoint_freq-1,extra_checkpoint_freq-5,run-1,sample_len-25,self_norm-True,
Sat, 01 Aug 2020 15:31:15 gpu_task_scheduler.py[line:93] INFO gpu0 finishes task aux_disc-False,dataset-iot,epoch-400,epoch_checkpoint_freq-1,extra_checkpoint_freq-5,run-1,sample_len-25,self_norm-True,
Sat, 01 Aug 2020 15:31:15 gpu_task_scheduler.py[line:53] INFO gpu0 receives task aux_disc-False,dataset-iot,epoch-400,epoch_checkpoint_freq-1,extra_checkpoint_freq-5,run-1,sample_len-50,self_norm-True,
Sat, 01 Aug 2020 15:31:19 gpu_task_scheduler.py[line:93] INFO gpu0 finishes task aux_disc-False,dataset-iot,epoch-400,epoch_checkpoint_freq-1,extra_checkpoint_freq-5,run-1,sample_len-50,self_norm-True,
Sat, 01 Aug 2020 15:31:19 gpu_task_scheduler.py[line:53] INFO gpu0 receives task aux_disc-False,dataset-iot,epoch-400,epoch_checkpoint_freq-1,extra_checkpoint_freq-5,run-2,sample_len-1,self_norm-True,
Sat, 01 Aug 2020 15:31:32 gpu_task_scheduler.py[line:53] INFO gpu0 receives task aux_disc-False,dataset-iot,epoch-200,epoch_checkpoint_freq-1,extra_checkpoint_freq-5,run-0,sample_len-1,self_norm-True,
Sat, 01 Aug 2020 15:34:32 gpu_task_scheduler.py[line:93] INFO gpu0 finishes task aux_disc-False,dataset-iot,epoch-200,epoch_checkpoint_freq-1,extra_checkpoint_freq-5,run-0,sample_len-1,self_norm-True,
Sat, 01 Aug 2020 15:34:32 gpu_task_scheduler.py[line:46] INFO gpu0 finished
Sat, 01 Aug 2020 15:37:40 gpu_task_scheduler.py[line:53] INFO gpu0 receives task aux_disc-False,dataset-iot,epoch-1,epoch_checkpoint_freq-1,extra_checkpoint_freq-5,run-0,sample_len-1,self_norm-True,
Sat, 01 Aug 2020 15:41:08 gpu_task_scheduler.py[line:93] INFO gpu0 finishes task aux_disc-False,dataset-iot,epoch-1,epoch_checkpoint_freq-1,extra_checkpoint_freq-5,run-0,sample_len-1,self_norm-True,
Sat, 01 Aug 2020 15:41:08 gpu_task_scheduler.py[line:46] INFO gpu0 finished
Sat, 01 Aug 2020 15:52:11 gpu_task_scheduler.py[line:53] INFO gpu0 receives task aux_disc-False,dataset-iot,epoch-4,epoch_checkpoint_freq-1,extra_checkpoint_freq-1,run-0,sample_len-1,self_norm-True,
Sat, 01 Aug 2020 15:55:08 gpu_task_scheduler.py[line:93] INFO gpu0 finishes task aux_disc-False,dataset-iot,epoch-4,epoch_checkpoint_freq-1,extra_checkpoint_freq-1,run-0,sample_len-1,self_norm-True,
Sat, 01 Aug 2020 15:55:08 gpu_task_scheduler.py[line:46] INFO gpu0 finished
Sat, 01 Aug 2020 16:16:02 gpu_task_scheduler.py[line:53] INFO gpu0 receives task aux_disc-False,dataset-iot,epoch-400,epoch_checkpoint_freq-1,extra_checkpoint_freq-5,run-0,sample_len-1,self_norm-True,
Sat, 01 Aug 2020 16:18:36 gpu_task_scheduler.py[line:93] INFO gpu0 finishes task aux_disc-False,dataset-iot,epoch-400,epoch_checkpoint_freq-1,extra_checkpoint_freq-5,run-0,sample_len-1,self_norm-True,
Sat, 01 Aug 2020 16:18:36 gpu_task_scheduler.py[line:46] INFO gpu0 finished
Sat, 01 Aug 2020 16:21:04 gpu_task_scheduler.py[line:53] INFO gpu0 receives task aux_disc-False,dataset-iot,epoch-400,epoch_checkpoint_freq-1,extra_checkpoint_freq-5,run-0,sample_len-1,self_norm-False,
Sat, 01 Aug 2020 16:23:52 gpu_task_scheduler.py[line:93] INFO gpu0 finishes task aux_disc-False,dataset-iot,epoch-400,epoch_checkpoint_freq-1,extra_checkpoint_freq-5,run-0,sample_len-1,self_norm-False,
Sat, 01 Aug 2020 16:23:52 gpu_task_scheduler.py[line:46] INFO gpu0 finished
